0 info it worked if it ends with ok
1 verbose cli [ '/usr/local/bin/node', '/usr/local/bin/npm', 'init' ]
2 info using npm@2.14.16
3 info using node@v5.2.0
4 silly package data { name: 'witbot',
4 silly package data   version: '1.0.0',
4 silly package data   description: 'A sample witbot',
4 silly package data   main: 'app.js',
4 silly package data   scripts:
4 silly package data    { test: 'echo "Error: no test specified" && exit 1',
4 silly package data      start: 'node app.js' },
4 silly package data   author: 'Brandon Fujii',
4 silly package data   license: 'MIT',
4 silly package data   dependencies: { botkit: '0.0.15' },
4 silly package data   devDependencies: {},
4 silly package data   repository:
4 silly package data    { type: 'git',
4 silly package data      url: 'git+https://github.com/brandonfujii/Slack-wit-bot.git' },
4 silly package data   bugs: { url: 'https://github.com/brandonfujii/Slack-wit-bot/issues' },
4 silly package data   homepage: 'https://github.com/brandonfujii/Slack-wit-bot#readme' }
5 info init written successfully
6 verbose stack Error: EACCES: permission denied, open '/Users/brandonfujii/Documents/__Projects2016/WitBot/package.json'
6 verbose stack     at Error (native)
7 verbose cwd /Users/brandonfujii/Documents/__Projects2016/WitBot
8 error Darwin 14.5.0
9 error argv "/usr/local/bin/node" "/usr/local/bin/npm" "init"
10 error node v5.2.0
11 error npm  v2.14.16
12 error path /Users/brandonfujii/Documents/__Projects2016/WitBot/package.json
13 error code EACCES
14 error errno -13
15 error syscall open
16 error Error: EACCES: permission denied, open '/Users/brandonfujii/Documents/__Projects2016/WitBot/package.json'
16 error     at Error (native)
16 error  { [Error: EACCES: permission denied, open '/Users/brandonfujii/Documents/__Projects2016/WitBot/package.json']
16 error   errno: -13,
16 error   code: 'EACCES',
16 error   syscall: 'open',
16 error   path: '/Users/brandonfujii/Documents/__Projects2016/WitBot/package.json' }
17 error Please try running this command again as root/Administrator.
18 verbose exit [ -13, true ]
